2025-06-23T14:36:33.299+09:00  INFO 21712 --- [springEx2] [restartedMain] net.dsa.web2.SpringEx2Application        : Starting SpringEx2Application using Java 17.0.10 with PID 21712 (C:\spring\scit47_B_spring_workspace\springEx2\bin\main started by user in C:\spring\scit47_B_spring_workspace\springEx2)
2025-06-23T14:36:33.304+09:00 DEBUG 21712 --- [springEx2] [restartedMain] net.dsa.web2.SpringEx2Application        : Running with Spring Boot v3.3.12, Spring v6.1.20
2025-06-23T14:36:33.304+09:00  INFO 21712 --- [springEx2] [restartedMain] net.dsa.web2.SpringEx2Application        : No active profile set, falling back to 1 default profile: "default"
2025-06-23T14:36:33.344+09:00  INFO 21712 --- [springEx2] [restartedMain] .e.DevToolsPropertyDefaultsPostProcessor : Devtools property defaults active! Set 'spring.devtools.add-properties' to 'false' to disable
2025-06-23T14:36:33.344+09:00  INFO 21712 --- [springEx2] [restartedMain] .e.DevToolsPropertyDefaultsPostProcessor : For additional web related logging consider setting the 'logging.level.web' property to 'DEBUG'
2025-06-23T14:36:33.994+09:00  INFO 21712 --- [springEx2] [restartedMain] o.s.b.w.embedded.tomcat.TomcatWebServer  : Tomcat initialized with port 9992 (http)
2025-06-23T14:36:34.003+09:00  INFO 21712 --- [springEx2] [restartedMain] o.apache.catalina.core.StandardService   : Starting service [Tomcat]
2025-06-23T14:36:34.004+09:00  INFO 21712 --- [springEx2] [restartedMain] o.apache.catalina.core.StandardEngine    : Starting Servlet engine: [Apache Tomcat/10.1.41]
2025-06-23T14:36:34.048+09:00  INFO 21712 --- [springEx2] [restartedMain] o.a.c.c.C.[Tomcat].[localhost].[/web2]   : Initializing Spring embedded WebApplicationContext
2025-06-23T14:36:34.048+09:00  INFO 21712 --- [springEx2] [restartedMain] w.s.c.ServletWebServerApplicationContext : Root WebApplicationContext: initialization completed in 703 ms
2025-06-23T14:36:34.316+09:00  INFO 21712 --- [springEx2] [restartedMain] o.s.b.d.a.OptionalLiveReloadServer       : LiveReload server is running on port 35729
2025-06-23T14:36:34.344+09:00  INFO 21712 --- [springEx2] [restartedMain] o.s.b.w.embedded.tomcat.TomcatWebServer  : Tomcat started on port 9992 (http) with context path '/web2'
2025-06-23T14:36:34.351+09:00  INFO 21712 --- [springEx2] [restartedMain] net.dsa.web2.SpringEx2Application        : Started SpringEx2Application in 1.357 seconds (process running for 1.949)
2025-06-23T14:36:44.309+09:00  INFO 21712 --- [springEx2] [http-nio-9992-exec-1] o.a.c.c.C.[Tomcat].[localhost].[/web2]   : Initializing Spring DispatcherServlet 'dispatcherServlet'
2025-06-23T14:36:44.309+09:00  INFO 21712 --- [springEx2] [http-nio-9992-exec-1] o.s.web.servlet.DispatcherServlet        : Initializing Servlet 'dispatcherServlet'
2025-06-23T14:36:44.309+09:00  INFO 21712 --- [springEx2] [http-nio-9992-exec-1] o.s.web.servlet.DispatcherServlet        : Completed initialization in 0 ms
2025-06-23T14:36:44.531+09:00  WARN 21712 --- [springEx2] [http-nio-9992-exec-1] o.a.c.util.SessionIdGeneratorBase        : Creation of SecureRandom instance for session ID generation using [SHA1PRNG] took [188] milliseconds.
2025-06-23T14:36:44.537+09:00 DEBUG 21712 --- [springEx2] [http-nio-9992-exec-1] n.dsa.web2.controller.SessionController  : id: null
2025-06-23T14:36:44.541+09:00 DEBUG 21712 --- [springEx2] [http-nio-9992-exec-1] n.dsa.web2.controller.SessionController  : 로그인 ID가 없습니다.
2025-06-23T15:35:24.068+09:00  INFO 21712 --- [springEx2] [File Watcher] rtingClassPathChangeChangedEventListener : Restarting due to 1 class path change (0 additions, 0 deletions, 1 modification)
2025-06-23T15:35:24.578+09:00  INFO 21712 --- [springEx2] [restartedMain] net.dsa.web2.SpringEx2Application        : Starting SpringEx2Application using Java 17.0.10 with PID 21712 (C:\spring\scit47_B_spring_workspace\springEx2\bin\main started by user in C:\spring\scit47_B_spring_workspace\springEx2)
2025-06-23T15:35:24.579+09:00 DEBUG 21712 --- [springEx2] [restartedMain] net.dsa.web2.SpringEx2Application        : Running with Spring Boot v3.3.12, Spring v6.1.20
2025-06-23T15:35:24.579+09:00  INFO 21712 --- [springEx2] [restartedMain] net.dsa.web2.SpringEx2Application        : No active profile set, falling back to 1 default profile: "default"
2025-06-23T15:35:24.720+09:00  INFO 21712 --- [springEx2] [restartedMain] o.s.b.w.embedded.tomcat.TomcatWebServer  : Tomcat initialized with port 9992 (http)
2025-06-23T15:35:24.721+09:00  INFO 21712 --- [springEx2] [restartedMain] o.apache.catalina.core.StandardService   : Starting service [Tomcat]
2025-06-23T15:35:24.721+09:00  INFO 21712 --- [springEx2] [restartedMain] o.apache.catalina.core.StandardEngine    : Starting Servlet engine: [Apache Tomcat/10.1.41]
2025-06-23T15:35:24.733+09:00  INFO 21712 --- [springEx2] [restartedMain] o.a.c.c.C.[Tomcat].[localhost].[/web2]   : Initializing Spring embedded WebApplicationContext
2025-06-23T15:35:24.734+09:00  INFO 21712 --- [springEx2] [restartedMain] w.s.c.ServletWebServerApplicationContext : Root WebApplicationContext: initialization completed in 153 ms
2025-06-23T15:35:24.795+09:00  INFO 21712 --- [springEx2] [restartedMain] o.s.b.d.a.OptionalLiveReloadServer       : LiveReload server is running on port 35729
2025-06-23T15:35:24.803+09:00  INFO 21712 --- [springEx2] [restartedMain] o.s.b.w.embedded.tomcat.TomcatWebServer  : Tomcat started on port 9992 (http) with context path '/web2'
2025-06-23T15:35:24.806+09:00  INFO 21712 --- [springEx2] [restartedMain] net.dsa.web2.SpringEx2Application        : Started SpringEx2Application in 0.248 seconds (process running for 3532.404)
2025-06-23T15:35:24.808+09:00  INFO 21712 --- [springEx2] [restartedMain] .ConditionEvaluationDeltaLoggingListener : Condition evaluation unchanged
2025-06-23T15:42:59.483+09:00  INFO 21712 --- [springEx2] [http-nio-9992-exec-1] o.a.c.c.C.[Tomcat].[localhost].[/web2]   : Initializing Spring DispatcherServlet 'dispatcherServlet'
2025-06-23T15:42:59.483+09:00  INFO 21712 --- [springEx2] [http-nio-9992-exec-1] o.s.web.servlet.DispatcherServlet        : Initializing Servlet 'dispatcherServlet'
2025-06-23T15:42:59.483+09:00  INFO 21712 --- [springEx2] [http-nio-9992-exec-1] o.s.web.servlet.DispatcherServlet        : Completed initialization in 0 ms
2025-06-23T16:03:12.520+09:00  INFO 21712 --- [springEx2] [File Watcher] rtingClassPathChangeChangedEventListener : Restarting due to 1 class path change (0 additions, 0 deletions, 1 modification)
2025-06-23T16:03:13.041+09:00  INFO 21712 --- [springEx2] [restartedMain] net.dsa.web2.SpringEx2Application        : Starting SpringEx2Application using Java 17.0.10 with PID 21712 (C:\spring\scit47_B_spring_workspace\springEx2\bin\main started by user in C:\spring\scit47_B_spring_workspace\springEx2)
2025-06-23T16:03:13.041+09:00 DEBUG 21712 --- [springEx2] [restartedMain] net.dsa.web2.SpringEx2Application        : Running with Spring Boot v3.3.12, Spring v6.1.20
2025-06-23T16:03:13.042+09:00  INFO 21712 --- [springEx2] [restartedMain] net.dsa.web2.SpringEx2Application        : No active profile set, falling back to 1 default profile: "default"
2025-06-23T16:03:13.171+09:00  INFO 21712 --- [springEx2] [restartedMain] o.s.b.w.embedded.tomcat.TomcatWebServer  : Tomcat initialized with port 9992 (http)
2025-06-23T16:03:13.172+09:00  INFO 21712 --- [springEx2] [restartedMain] o.apache.catalina.core.StandardService   : Starting service [Tomcat]
2025-06-23T16:03:13.172+09:00  INFO 21712 --- [springEx2] [restartedMain] o.apache.catalina.core.StandardEngine    : Starting Servlet engine: [Apache Tomcat/10.1.41]
2025-06-23T16:03:13.185+09:00  INFO 21712 --- [springEx2] [restartedMain] o.a.c.c.C.[Tomcat].[localhost].[/web2]   : Initializing Spring embedded WebApplicationContext
2025-06-23T16:03:13.185+09:00  INFO 21712 --- [springEx2] [restartedMain] w.s.c.ServletWebServerApplicationContext : Root WebApplicationContext: initialization completed in 141 ms
2025-06-23T16:03:13.250+09:00  INFO 21712 --- [springEx2] [restartedMain] o.s.b.d.a.OptionalLiveReloadServer       : LiveReload server is running on port 35729
2025-06-23T16:03:13.258+09:00  INFO 21712 --- [springEx2] [restartedMain] o.s.b.w.embedded.tomcat.TomcatWebServer  : Tomcat started on port 9992 (http) with context path '/web2'
2025-06-23T16:03:13.261+09:00  INFO 21712 --- [springEx2] [restartedMain] net.dsa.web2.SpringEx2Application        : Started SpringEx2Application in 0.237 seconds (process running for 5200.859)
2025-06-23T16:03:13.262+09:00  INFO 21712 --- [springEx2] [restartedMain] .ConditionEvaluationDeltaLoggingListener : Condition evaluation unchanged
2025-06-23T16:15:44.641+09:00  INFO 21712 --- [springEx2] [http-nio-9992-exec-2] o.a.c.c.C.[Tomcat].[localhost].[/web2]   : Initializing Spring DispatcherServlet 'dispatcherServlet'
2025-06-23T16:15:44.641+09:00  INFO 21712 --- [springEx2] [http-nio-9992-exec-2] o.s.web.servlet.DispatcherServlet        : Initializing Servlet 'dispatcherServlet'
2025-06-23T16:15:44.642+09:00  INFO 21712 --- [springEx2] [http-nio-9992-exec-2] o.s.web.servlet.DispatcherServlet        : Completed initialization in 1 ms
2025-06-23T17:30:15.357+09:00  INFO 21712 --- [springEx2] [File Watcher] rtingClassPathChangeChangedEventListener : Restarting due to 1 class path change (1 addition, 0 deletions, 0 modifications)
2025-06-23T17:30:15.952+09:00  INFO 21712 --- [springEx2] [restartedMain] net.dsa.web2.SpringEx2Application        : Starting SpringEx2Application using Java 17.0.10 with PID 21712 (C:\spring\scit47_B_spring_workspace\springEx2\bin\main started by user in C:\spring\scit47_B_spring_workspace\springEx2)
2025-06-23T17:30:15.952+09:00 DEBUG 21712 --- [springEx2] [restartedMain] net.dsa.web2.SpringEx2Application        : Running with Spring Boot v3.3.12, Spring v6.1.20
2025-06-23T17:30:15.952+09:00  INFO 21712 --- [springEx2] [restartedMain] net.dsa.web2.SpringEx2Application        : No active profile set, falling back to 1 default profile: "default"
2025-06-23T17:30:16.084+09:00  INFO 21712 --- [springEx2] [restartedMain] o.s.b.w.embedded.tomcat.TomcatWebServer  : Tomcat initialized with port 9992 (http)
2025-06-23T17:30:16.085+09:00  INFO 21712 --- [springEx2] [restartedMain] o.apache.catalina.core.StandardService   : Starting service [Tomcat]
2025-06-23T17:30:16.085+09:00  INFO 21712 --- [springEx2] [restartedMain] o.apache.catalina.core.StandardEngine    : Starting Servlet engine: [Apache Tomcat/10.1.41]
2025-06-23T17:30:16.098+09:00  INFO 21712 --- [springEx2] [restartedMain] o.a.c.c.C.[Tomcat].[localhost].[/web2]   : Initializing Spring embedded WebApplicationContext
2025-06-23T17:30:16.098+09:00  INFO 21712 --- [springEx2] [restartedMain] w.s.c.ServletWebServerApplicationContext : Root WebApplicationContext: initialization completed in 143 ms
2025-06-23T17:30:16.169+09:00  INFO 21712 --- [springEx2] [restartedMain] o.s.b.d.a.OptionalLiveReloadServer       : LiveReload server is running on port 35729
2025-06-23T17:30:16.181+09:00  INFO 21712 --- [springEx2] [restartedMain] o.s.b.w.embedded.tomcat.TomcatWebServer  : Tomcat started on port 9992 (http) with context path '/web2'
2025-06-23T17:30:16.184+09:00  INFO 21712 --- [springEx2] [restartedMain] net.dsa.web2.SpringEx2Application        : Started SpringEx2Application in 0.25 seconds (process running for 10423.782)
2025-06-23T17:30:16.185+09:00  INFO 21712 --- [springEx2] [restartedMain] .ConditionEvaluationDeltaLoggingListener : Condition evaluation unchanged
2025-06-23T17:34:21.159+09:00  INFO 21712 --- [springEx2] [File Watcher] rtingClassPathChangeChangedEventListener : Restarting due to 1 class path change (0 additions, 0 deletions, 1 modification)
2025-06-23T17:34:21.732+09:00  INFO 21712 --- [springEx2] [restartedMain] net.dsa.web2.SpringEx2Application        : Starting SpringEx2Application using Java 17.0.10 with PID 21712 (C:\spring\scit47_B_spring_workspace\springEx2\bin\main started by user in C:\spring\scit47_B_spring_workspace\springEx2)
2025-06-23T17:34:21.733+09:00 DEBUG 21712 --- [springEx2] [restartedMain] net.dsa.web2.SpringEx2Application        : Running with Spring Boot v3.3.12, Spring v6.1.20
2025-06-23T17:34:21.733+09:00  INFO 21712 --- [springEx2] [restartedMain] net.dsa.web2.SpringEx2Application        : No active profile set, falling back to 1 default profile: "default"
2025-06-23T17:34:21.857+09:00  INFO 21712 --- [springEx2] [restartedMain] o.s.b.w.embedded.tomcat.TomcatWebServer  : Tomcat initialized with port 9992 (http)
2025-06-23T17:34:21.858+09:00  INFO 21712 --- [springEx2] [restartedMain] o.apache.catalina.core.StandardService   : Starting service [Tomcat]
2025-06-23T17:34:21.858+09:00  INFO 21712 --- [springEx2] [restartedMain] o.apache.catalina.core.StandardEngine    : Starting Servlet engine: [Apache Tomcat/10.1.41]
2025-06-23T17:34:21.872+09:00  INFO 21712 --- [springEx2] [restartedMain] o.a.c.c.C.[Tomcat].[localhost].[/web2]   : Initializing Spring embedded WebApplicationContext
2025-06-23T17:34:21.872+09:00  INFO 21712 --- [springEx2] [restartedMain] w.s.c.ServletWebServerApplicationContext : Root WebApplicationContext: initialization completed in 136 ms
2025-06-23T17:34:21.924+09:00  INFO 21712 --- [springEx2] [restartedMain] o.s.b.d.a.OptionalLiveReloadServer       : LiveReload server is running on port 35729
2025-06-23T17:34:21.934+09:00  INFO 21712 --- [springEx2] [restartedMain] o.s.b.w.embedded.tomcat.TomcatWebServer  : Tomcat started on port 9992 (http) with context path '/web2'
2025-06-23T17:34:21.937+09:00  INFO 21712 --- [springEx2] [restartedMain] net.dsa.web2.SpringEx2Application        : Started SpringEx2Application in 0.224 seconds (process running for 10669.535)
2025-06-23T17:34:21.938+09:00  INFO 21712 --- [springEx2] [restartedMain] .ConditionEvaluationDeltaLoggingListener : Condition evaluation unchanged
2025-06-23T17:38:58.228+09:00  INFO 21712 --- [springEx2] [http-nio-9992-exec-1] o.a.c.c.C.[Tomcat].[localhost].[/web2]   : Initializing Spring DispatcherServlet 'dispatcherServlet'
2025-06-23T17:38:58.228+09:00  INFO 21712 --- [springEx2] [http-nio-9992-exec-1] o.s.web.servlet.DispatcherServlet        : Initializing Servlet 'dispatcherServlet'
2025-06-23T17:38:58.229+09:00  INFO 21712 --- [springEx2] [http-nio-9992-exec-1] o.s.web.servlet.DispatcherServlet        : Completed initialization in 1 ms
2025-06-23T17:42:46.153+09:00  INFO 21712 --- [springEx2] [File Watcher] rtingClassPathChangeChangedEventListener : Restarting due to 1 class path change (0 additions, 0 deletions, 1 modification)
2025-06-23T17:42:46.723+09:00  INFO 21712 --- [springEx2] [restartedMain] net.dsa.web2.SpringEx2Application        : Starting SpringEx2Application using Java 17.0.10 with PID 21712 (C:\spring\scit47_B_spring_workspace\springEx2\bin\main started by user in C:\spring\scit47_B_spring_workspace\springEx2)
2025-06-23T17:42:46.723+09:00 DEBUG 21712 --- [springEx2] [restartedMain] net.dsa.web2.SpringEx2Application        : Running with Spring Boot v3.3.12, Spring v6.1.20
2025-06-23T17:42:46.723+09:00  INFO 21712 --- [springEx2] [restartedMain] net.dsa.web2.SpringEx2Application        : No active profile set, falling back to 1 default profile: "default"
2025-06-23T17:42:46.886+09:00  INFO 21712 --- [springEx2] [restartedMain] o.s.b.w.embedded.tomcat.TomcatWebServer  : Tomcat initialized with port 9992 (http)
2025-06-23T17:42:46.886+09:00  INFO 21712 --- [springEx2] [restartedMain] o.apache.catalina.core.StandardService   : Starting service [Tomcat]
2025-06-23T17:42:46.886+09:00  INFO 21712 --- [springEx2] [restartedMain] o.apache.catalina.core.StandardEngine    : Starting Servlet engine: [Apache Tomcat/10.1.41]
2025-06-23T17:42:46.899+09:00  INFO 21712 --- [springEx2] [restartedMain] o.a.c.c.C.[Tomcat].[localhost].[/web2]   : Initializing Spring embedded WebApplicationContext
2025-06-23T17:42:46.899+09:00  INFO 21712 --- [springEx2] [restartedMain] w.s.c.ServletWebServerApplicationContext : Root WebApplicationContext: initialization completed in 174 ms
2025-06-23T17:42:46.963+09:00  INFO 21712 --- [springEx2] [restartedMain] o.s.b.d.a.OptionalLiveReloadServer       : LiveReload server is running on port 35729
2025-06-23T17:42:46.970+09:00  INFO 21712 --- [springEx2] [restartedMain] o.s.b.w.embedded.tomcat.TomcatWebServer  : Tomcat started on port 9992 (http) with context path '/web2'
2025-06-23T17:42:46.973+09:00  INFO 21712 --- [springEx2] [restartedMain] net.dsa.web2.SpringEx2Application        : Started SpringEx2Application in 0.268 seconds (process running for 11174.571)
2025-06-23T17:42:46.974+09:00  INFO 21712 --- [springEx2] [restartedMain] .ConditionEvaluationDeltaLoggingListener : Condition evaluation unchanged
2025-06-23T17:42:47.411+09:00  INFO 21712 --- [springEx2] [http-nio-9992-exec-3] o.a.c.c.C.[Tomcat].[localhost].[/web2]   : Initializing Spring DispatcherServlet 'dispatcherServlet'
2025-06-23T17:42:47.412+09:00  INFO 21712 --- [springEx2] [http-nio-9992-exec-3] o.s.web.servlet.DispatcherServlet        : Initializing Servlet 'dispatcherServlet'
2025-06-23T17:42:47.412+09:00  INFO 21712 --- [springEx2] [http-nio-9992-exec-3] o.s.web.servlet.DispatcherServlet        : Completed initialization in 0 ms
